-------------------------------------------------------------------------------
Test set: com.ontariotechu.sofe3980U.BinaryControllerTest
-------------------------------------------------------------------------------
Tests run: 6, Failures: 1, Errors: 0, Skipped: 0, Time elapsed: 0.473 s <<< FAILURE! - in com.ontariotechu.sofe3980U.BinaryControllerTest
postParameterAnd(com.ontariotechu.sofe3980U.BinaryControllerTest)  Time elapsed: 0.009 s  <<< FAILURE!
java.lang.AssertionError: Model attribute 'result' expected:<101> but was:<0>
	at com.ontariotechu.sofe3980U.BinaryControllerTest.postParameterAnd(BinaryControllerTest.java:83)

